2020-09-27 02:10:38 - thesis_hunyoung_joung - INFO - BEGIN #########################################################################
2020-09-27 02:10:38 - thesis_hunyoung_joung - INFO - Default path? C:\Users\root\Documents\0. The Cyber University of Korea\Graduated School\Semester 3\Thesis
2020-09-27 02:10:38 - thesis_hunyoung_joung - INFO - Low level model data path? C:/Users/root/Documents/0. The Cyber University of Korea/Graduated School/Semester 3/Thesis/data/low_model_data
2020-09-27 02:10:38 - thesis_hunyoung_joung - INFO - Low level model data sub directory paths? C:/Users/root/Documents/0. The Cyber University of Korea/Graduated School/Semester 3/Thesis/data/low_model_data/AA
2020-09-27 02:10:40 - thesis_hunyoung_joung - INFO - Low level model data sub directory paths? C:/Users/root/Documents/0. The Cyber University of Korea/Graduated School/Semester 3/Thesis/data/low_model_data/AB
2020-09-27 02:10:43 - thesis_hunyoung_joung - INFO - Low level model data sub directory paths? C:/Users/root/Documents/0. The Cyber University of Korea/Graduated School/Semester 3/Thesis/data/low_model_data/AC
2020-09-27 02:10:46 - thesis_hunyoung_joung - INFO - Low level model data sub directory paths? C:/Users/root/Documents/0. The Cyber University of Korea/Graduated School/Semester 3/Thesis/data/low_model_data/AD
2020-09-27 02:10:49 - thesis_hunyoung_joung - INFO - Low level model data sub directory paths? C:/Users/root/Documents/0. The Cyber University of Korea/Graduated School/Semester 3/Thesis/data/low_model_data/AE
2020-09-27 02:10:51 - thesis_hunyoung_joung - INFO - Low level model data sub directory paths? C:/Users/root/Documents/0. The Cyber University of Korea/Graduated School/Semester 3/Thesis/data/low_model_data/AF
2020-09-27 02:10:54 - thesis_hunyoung_joung - INFO - Low level model data sub directory paths? C:/Users/root/Documents/0. The Cyber University of Korea/Graduated School/Semester 3/Thesis/data/low_model_data/AG
2020-09-27 02:10:57 - thesis_hunyoung_joung - INFO - Low level model data sub directory paths? C:/Users/root/Documents/0. The Cyber University of Korea/Graduated School/Semester 3/Thesis/data/low_model_data/AH
2020-09-27 02:10:57 - thesis_hunyoung_joung - INFO - Low level model data sub directory paths count? 705
2020-09-27 02:10:57 - thesis_hunyoung_joung - INFO - Low level model data size? 1.3812342081218958 GByte
2020-09-27 02:10:57 - thesis_hunyoung_joung - INFO - File count of relevant with COVID-19? 0
2020-09-27 02:10:57 - thesis_hunyoung_joung - INFO - File count of relevant with election? 0
2020-09-27 05:00:44 - thesis_hunyoung_joung - INFO - Low level model data path? C:/Users/root/Documents/0. The Cyber University of Korea/Graduated School/Semester 3/Thesis/data/low_model_data
2020-09-27 05:00:44 - thesis_hunyoung_joung - INFO - Low level model data sub directory paths? C:/Users/root/Documents/0. The Cyber University of Korea/Graduated School/Semester 3/Thesis/data/low_model_data/AA
2020-09-27 05:00:47 - thesis_hunyoung_joung - INFO - Low level model data sub directory paths? C:/Users/root/Documents/0. The Cyber University of Korea/Graduated School/Semester 3/Thesis/data/low_model_data/AB
2020-09-27 05:00:49 - thesis_hunyoung_joung - INFO - Low level model data sub directory paths? C:/Users/root/Documents/0. The Cyber University of Korea/Graduated School/Semester 3/Thesis/data/low_model_data/AC
2020-09-27 05:00:52 - thesis_hunyoung_joung - INFO - Low level model data sub directory paths? C:/Users/root/Documents/0. The Cyber University of Korea/Graduated School/Semester 3/Thesis/data/low_model_data/AD
2020-09-27 05:00:54 - thesis_hunyoung_joung - INFO - Low level model data sub directory paths? C:/Users/root/Documents/0. The Cyber University of Korea/Graduated School/Semester 3/Thesis/data/low_model_data/AE
2020-09-27 05:00:57 - thesis_hunyoung_joung - INFO - Low level model data sub directory paths? C:/Users/root/Documents/0. The Cyber University of Korea/Graduated School/Semester 3/Thesis/data/low_model_data/AF
2020-09-27 05:00:59 - thesis_hunyoung_joung - INFO - Low level model data sub directory paths? C:/Users/root/Documents/0. The Cyber University of Korea/Graduated School/Semester 3/Thesis/data/low_model_data/AG
2020-09-27 05:01:02 - thesis_hunyoung_joung - INFO - Low level model data sub directory paths? C:/Users/root/Documents/0. The Cyber University of Korea/Graduated School/Semester 3/Thesis/data/low_model_data/AH
2020-09-27 05:01:02 - thesis_hunyoung_joung - INFO - Low level model data sub directory paths count? 705
2020-09-27 05:01:02 - thesis_hunyoung_joung - INFO - Low level model data size? 1.3812342081218958 GB
2020-09-27 19:14:37 - thesis_hunyoung_joung - INFO - BEGIN ##########################################################################################
2020-09-27 19:14:37 - thesis_hunyoung_joung - INFO - Default path? C:\Users\root\Documents\0. The Cyber University of Korea\Graduated School\Semester 3\Thesis
2020-09-27 19:14:38 - thesis_hunyoung_joung - INFO - Low level model data path? C:/Users/root/Documents/0. The Cyber University of Korea/Graduated School/Semester 3/Thesis/data/low_model_data
2020-09-27 19:14:51 - thesis_hunyoung_joung - INFO - Low level model data file count? 705
2020-09-27 19:14:51 - thesis_hunyoung_joung - INFO - Low level model data size? 1.3812342081218958 GB
2020-09-27 19:14:51 - thesis_hunyoung_joung - INFO - File count of relevant with COVID-19? 0
2020-09-27 19:14:51 - thesis_hunyoung_joung - INFO - File count of relevant with election? 0
2020-09-28 01:18:31 - thesis_hunyoung_joung - INFO - BEGIN ##########################################################################################
2020-09-28 01:18:31 - thesis_hunyoung_joung - INFO - Default path? C:\Users\root\Documents\0. The Cyber University of Korea\Graduated School\Semester 3\Thesis
2020-09-28 01:18:31 - thesis_hunyoung_joung - INFO - Low level model data path? C:/Users/root/Documents/0. The Cyber University of Korea/Graduated School/Semester 3/Thesis/data/low_model_data
2020-09-28 01:18:48 - thesis_hunyoung_joung - INFO - Low level model data file count? 705
2020-09-28 01:18:48 - thesis_hunyoung_joung - INFO - Low level model data size? 1.3812342081218958 GB
2020-09-28 01:18:48 - thesis_hunyoung_joung - INFO - Low level model data file count? 705
2020-09-28 01:18:48 - thesis_hunyoung_joung - INFO - Low level model data size? 1.3812342081218958 GB
2020-09-28 01:18:48 - thesis_hunyoung_joung - INFO - File count of relevant with COVID-19? 0
2020-09-28 01:18:48 - thesis_hunyoung_joung - INFO - File count of relevant with election? 0
2020-09-28 01:22:36 - thesis_hunyoung_joung - INFO - Low level model data size? 1.3812342081218958 GB
2020-09-28 01:22:56 - thesis_hunyoung_joung - INFO - Low level model data file count? 1
2020-09-28 01:22:56 - thesis_hunyoung_joung - INFO - Low level model data size? 1.3812342081218958 GB
2020-09-28 01:23:12 - thesis_hunyoung_joung - INFO - Low level model data path? C:/Users/root/Documents/0. The Cyber University of Korea/Graduated School/Semester 3/Thesis/data/low_model_data
2020-09-28 01:23:21 - thesis_hunyoung_joung - INFO - Low level model data file count? 705
2020-09-28 01:23:21 - thesis_hunyoung_joung - INFO - Low level model data size? 1.3812342081218958 GB
2020-09-28 01:23:24 - thesis_hunyoung_joung - INFO - Low level model data file count? 705
2020-09-28 01:23:24 - thesis_hunyoung_joung - INFO - Low level model data size? 1.3812342081218958 GB
2020-09-28 01:27:51 - thesis_hunyoung_joung - INFO - Low level model data path? C:/Users/root/Documents/0. The Cyber University of Korea/Graduated School/Semester 3/Thesis/data/low_model_data
2020-09-28 01:28:49 - thesis_hunyoung_joung - INFO - Low level model data path? {}C:/Users/root/Documents/0. The Cyber University of Korea/Graduated School/Semester 3/Thesis/data/low_model_data
2020-09-28 01:29:32 - thesis_hunyoung_joung - INFO - Low level model data path? C:/Users/root/Documents/0. The Cyber University of Korea/Graduated School/Semester 3/Thesis/data/low_model_data
2020-09-28 01:29:44 - thesis_hunyoung_joung - INFO - Low level model data file count? 705
2020-09-28 01:29:44 - thesis_hunyoung_joung - INFO - Low level model data size? 1.3812342081218958 GB
2020-09-28 01:31:14 - thesis_hunyoung_joung - INFO - BEGIN ################################################################################
2020-09-28 01:31:14 - thesis_hunyoung_joung - INFO - Default path? C:\Users\root\Documents\0. The Cyber University of Korea\Graduated School\Semester 3\Thesis
2020-09-28 01:31:14 - thesis_hunyoung_joung - INFO - Low level model data path? C:/Users/root/Documents/0. The Cyber University of Korea/Graduated School/Semester 3/Thesis/data/low_model_data
2020-09-28 01:31:23 - thesis_hunyoung_joung - INFO - Low level model data file count? 705
2020-09-28 01:31:23 - thesis_hunyoung_joung - INFO - Low level model data size? 1.3812342081218958 GB
2020-09-28 01:31:23 - thesis_hunyoung_joung - INFO - File count of relevant with COVID-19? 0
2020-09-28 01:31:23 - thesis_hunyoung_joung - INFO - File count of relevant with election? 0
2020-09-29 00:05:25 - thesis_hunyoung_joung - INFO - Low level model data file count? 1
2020-09-29 00:05:25 - thesis_hunyoung_joung - INFO - Low level model data size? 1.3812342081218958 GB
2020-09-29 00:06:40 - thesis_hunyoung_joung - INFO - Low level model data file count? 1
2020-09-29 00:06:40 - thesis_hunyoung_joung - INFO - Low level model data size? 1.3812342081218958 GB
2020-09-29 00:10:32 - thesis_hunyoung_joung - INFO - Low level model data path? C:/Users/root/Documents/0. The Cyber University of Korea/Graduated School/Semester 3/Thesis/data/low_model_data
2020-09-29 02:07:14 - thesis_hunyoung_joung - INFO - Low level model data file count? 1483088938
2020-09-29 02:08:50 - thesis_hunyoung_joung - INFO - Low level model data file count? 1483088938
2020-09-29 02:19:18 - thesis_hunyoung_joung - INFO - Low level model data file count? 705
2020-09-29 02:19:18 - thesis_hunyoung_joung - INFO - Low level model data size? 1.3812342081218958 GB
2020-09-29 02:54:19 - thesis_hunyoung_joung - INFO - Low level model data file count? 705
2020-09-29 02:54:19 - thesis_hunyoung_joung - INFO - Low level model data size? 1.3812342081218958 GB
2020-09-29 04:25:32 - thesis_hunyoung_joung - INFO - Low level model data file count? 132385070
2020-09-30 05:28:24 - thesis_hunyoung_joung - INFO - BEGIN ################################################################################
2020-09-30 05:28:24 - thesis_hunyoung_joung - INFO - Default path? C:\Users\root\Documents\0. The Cyber University of Korea\Graduated School\Semester 3\Thesis
2020-09-30 05:28:24 - thesis_hunyoung_joung - INFO - Low level model data path? C:/Users/root/Documents/0. The Cyber University of Korea/Graduated School/Semester 3/Thesis/data/low_model_data
2020-09-30 05:28:44 - thesis_hunyoung_joung - INFO - Low level model data file count? 705
2020-09-30 05:28:44 - thesis_hunyoung_joung - INFO - Low level model data size? 1.3812342081218958 GB
2020-09-30 05:29:10 - thesis_hunyoung_joung - INFO - Low level model data word count? 132385070
2020-09-30 05:29:23 - thesis_hunyoung_joung - INFO - File count of relevant with COVID-19? 0
2020-09-30 05:29:23 - thesis_hunyoung_joung - INFO - File count of relevant with election? 0
2020-09-30 05:40:53 - thesis_hunyoung_joung - INFO - BEGIN ################################################################################
2020-09-30 05:40:53 - thesis_hunyoung_joung - INFO - Default path? C:\Users\root\Documents\0. The Cyber University of Korea\Graduated School\Semester 3\Thesis
2020-09-30 05:40:53 - thesis_hunyoung_joung - INFO - Low level model data path? C:/Users/root/Documents/0. The Cyber University of Korea/Graduated School/Semester 3/Thesis/data/low_model_data
2020-09-30 05:41:11 - thesis_hunyoung_joung - INFO - Low level model data file count? 705
2020-09-30 05:41:11 - thesis_hunyoung_joung - INFO - Low level model data size? 1.3812342081218958 GB
2020-09-30 05:41:38 - thesis_hunyoung_joung - INFO - Low level model data word count? 132385070
2020-09-30 05:41:43 - thesis_hunyoung_joung - INFO - File count of relevant with COVID-19? 0
2020-09-30 05:41:43 - thesis_hunyoung_joung - INFO - File count of relevant with election? 0
2020-09-30 05:42:54 - thesis_hunyoung_joung - INFO - Low level model data file count? 1
2020-09-30 05:42:54 - thesis_hunyoung_joung - INFO - Low level model data size? 1.3812342081218958 GB
2020-09-30 06:56:43 - thesis_hunyoung_joung - INFO - Low level model data word count? 132385070
2020-10-01 02:23:01 - thesis_hunyoung_joung - INFO - BEGIN ################################################################################
2020-10-01 02:23:01 - thesis_hunyoung_joung - INFO - Default path? C:\Users\root\Documents\0. The Cyber University of Korea\Graduated School\Semester 3\Thesis
2020-10-01 02:23:02 - thesis_hunyoung_joung - INFO - Low level model data path? C:/Users/root/Documents/0. The Cyber University of Korea/Graduated School/Semester 3/Thesis/data/low_model_data
2020-10-01 02:23:20 - thesis_hunyoung_joung - INFO - Low level model data file count? 705
2020-10-01 02:23:20 - thesis_hunyoung_joung - INFO - Low level model data size? 1.3812342081218958 GB
2020-10-01 02:24:23 - thesis_hunyoung_joung - INFO - Low level model data file count? 705
2020-10-01 02:24:23 - thesis_hunyoung_joung - INFO - Low level model data size? 1.3812342081218958 GB
2020-10-01 02:25:01 - thesis_hunyoung_joung - INFO - BEGIN ################################################################################
2020-10-01 02:25:01 - thesis_hunyoung_joung - INFO - Default path? C:\Users\root\Documents\0. The Cyber University of Korea\Graduated School\Semester 3\Thesis
2020-10-01 02:25:01 - thesis_hunyoung_joung - INFO - Low level model data path? C:/Users/root/Documents/0. The Cyber University of Korea/Graduated School/Semester 3/Thesis/data/low_model_data
2020-10-01 02:25:14 - thesis_hunyoung_joung - INFO - Low level model data file count? 705
2020-10-01 02:25:14 - thesis_hunyoung_joung - INFO - Low level model data size? 1.3812342081218958 GB
2020-10-01 02:28:03 - thesis_hunyoung_joung - INFO - File count of relevant with COVID-19? 0
2020-10-01 02:28:03 - thesis_hunyoung_joung - INFO - File count of relevant with election? 0
2020-10-01 02:43:52 - thesis_hunyoung_joung - INFO - BEGIN ################################################################################
2020-10-01 02:43:52 - thesis_hunyoung_joung - INFO - Default path? C:\Users\root\Documents\0. The Cyber University of Korea\Graduated School\Semester 3\Thesis
2020-10-01 02:43:52 - thesis_hunyoung_joung - INFO - Low level model data path? C:/Users/root/Documents/0. The Cyber University of Korea/Graduated School/Semester 3/Thesis/data/low_model_data
2020-10-01 02:45:22 - thesis_hunyoung_joung - INFO - Low-level model data file count? 705
2020-10-01 02:45:22 - thesis_hunyoung_joung - INFO - Low-level model data size? 1.3812342081218958 GB
2020-10-01 02:45:22 - thesis_hunyoung_joung - INFO - Low-level model data word count include the space? 680789166
2020-10-01 02:45:22 - thesis_hunyoung_joung - INFO - Low-level model data word count exclude the space? 548404096
2020-10-01 02:45:25 - thesis_hunyoung_joung - INFO - File count of relevant with COVID-19? 0
2020-10-01 02:45:25 - thesis_hunyoung_joung - INFO - File count of relevant with election? 0
2020-10-01 02:54:14 - thesis_hunyoung_joung - INFO - BEGIN ################################################################################
2020-10-01 02:54:14 - thesis_hunyoung_joung - INFO - Default path? C:\Users\root\Documents\0. The Cyber University of Korea\Graduated School\Semester 3\Thesis
2020-10-01 02:54:14 - thesis_hunyoung_joung - INFO - Low level model data path? C:/Users/root/Documents/0. The Cyber University of Korea/Graduated School/Semester 3/Thesis/data/low_model_data
2020-10-01 02:57:18 - thesis_hunyoung_joung - INFO - BEGIN ################################################################################
2020-10-01 02:57:18 - thesis_hunyoung_joung - INFO - Default path? C:\Users\root\Documents\0. The Cyber University of Korea\Graduated School\Semester 3\Thesis
2020-10-01 02:57:18 - thesis_hunyoung_joung - INFO - Low level model data path? C:/Users/root/Documents/0. The Cyber University of Korea/Graduated School/Semester 3/Thesis/data/low_model_data
2020-10-01 02:57:19 - thesis_hunyoung_joung - INFO - Low-level model data file count? 705
2020-10-01 02:57:19 - thesis_hunyoung_joung - INFO - Low-level model data size? 0.0006311982870101929 GB
2020-10-01 02:57:19 - thesis_hunyoung_joung - INFO - Low-level model data word count include space? 253
2020-10-01 02:57:19 - thesis_hunyoung_joung - INFO - Low-level model data word count exclude space? 208
2020-10-01 02:57:19 - thesis_hunyoung_joung - INFO - File count of relevant with COVID-19? 0
2020-10-01 02:57:19 - thesis_hunyoung_joung - INFO - File count of relevant with election? 0
2020-10-01 03:21:04 - thesis_hunyoung_joung - INFO - BEGIN ################################################################################
2020-10-01 03:21:04 - thesis_hunyoung_joung - INFO - Default path? C:\Users\root\Documents\0. The Cyber University of Korea\Graduated School\Semester 3\Thesis
2020-10-01 03:21:05 - thesis_hunyoung_joung - INFO - Low level model data path? C:/Users/root/Documents/0. The Cyber University of Korea/Graduated School/Semester 3/Thesis/data/low_model_data
2020-10-01 03:21:41 - thesis_hunyoung_joung - INFO - Low-level model data file count? 705
2020-10-01 03:21:41 - thesis_hunyoung_joung - INFO - Low-level model data size? 0.6906171040609479 GB
2020-10-01 03:21:41 - thesis_hunyoung_joung - INFO - Low-level model data word count include space? 340394582
2020-10-01 03:21:41 - thesis_hunyoung_joung - INFO - Low-level model data word count exclude space? 274202048
2020-10-01 03:21:42 - thesis_hunyoung_joung - INFO - File count of relevant with COVID-19? 0
2020-10-01 03:21:42 - thesis_hunyoung_joung - INFO - File count of relevant with election? 0
2020-10-01 12:46:02 - thesis_hunyoung_joung - INFO - BEGIN ################################################################################
2020-10-01 12:46:02 - thesis_hunyoung_joung - INFO - BEGIN ################################################################################
2020-10-01 12:46:02 - thesis_hunyoung_joung - INFO - Default path? C:\Users\root\Documents\0. The Cyber University of Korea\Graduated School\Semester 3\Thesis
2020-10-01 12:46:02 - thesis_hunyoung_joung - INFO - Default path? C:\Users\root\Documents\0. The Cyber University of Korea\Graduated School\Semester 3\Thesis
2020-10-01 13:32:32 - thesis_hunyoung_joung - INFO - BEGIN ################################################################################
2020-10-01 13:32:32 - thesis_hunyoung_joung - INFO - Default path? C:\Users\root\Documents\0. The Cyber University of Korea\Graduated School\Semester 3\Thesis
2020-10-01 13:32:32 - thesis_hunyoung_joung - INFO - Low level model data path? C:/Users/root/Documents/0. The Cyber University of Korea/Graduated School/Semester 3/Thesis/data/low_model_data
2020-10-01 15:43:50 - thesis_hunyoung_joung - INFO - BEGIN ################################################################################
2020-10-01 15:43:50 - thesis_hunyoung_joung - INFO - Default path? C:\Users\root\Documents\0. The Cyber University of Korea\Graduated School\Semester 3\Thesis
2020-10-01 15:43:50 - thesis_hunyoung_joung - INFO - Low level model data path? C:/Users/root/Documents/0. The Cyber University of Korea/Graduated School/Semester 3/Thesis/data/low_model_data
2020-10-01 19:38:25 - thesis_hunyoung_joung - INFO - BEGIN ################################################################################
2020-10-01 19:38:25 - thesis_hunyoung_joung - INFO - Default path? C:\Users\root\Documents\0. The Cyber University of Korea\Graduated School\Semester 3\Thesis
2020-10-01 19:38:26 - thesis_hunyoung_joung - INFO - Low level model data path? C:/Users/root/Documents/0. The Cyber University of Korea/Graduated School/Semester 3/Thesis/data/low_model_data
2020-10-01 20:11:01 - thesis_hunyoung_joung - INFO - BEGIN ################################################################################
2020-10-01 20:11:01 - thesis_hunyoung_joung - INFO - Default path? C:\Users\root\Documents\0. The Cyber University of Korea\Graduated School\Semester 3\Thesis
2020-10-01 20:11:01 - thesis_hunyoung_joung - INFO - Low level model data path? C:/Users/root/Documents/0. The Cyber University of Korea/Graduated School/Semester 3/Thesis/data/low_model_data
2020-10-01 20:11:36 - thesis_hunyoung_joung - INFO - Low-level model data file count? 705
2020-10-01 20:11:36 - thesis_hunyoung_joung - INFO - Low-level model data size? 0.6906171040609479 GB
2020-10-01 20:11:36 - thesis_hunyoung_joung - INFO - Low-level model data word count include space? 340394582
2020-10-01 20:11:36 - thesis_hunyoung_joung - INFO - Low-level model data word count exclude space? 274202048
2020-10-01 20:11:37 - thesis_hunyoung_joung - INFO - File count of relevant with COVID-19? 0
2020-10-01 20:11:37 - thesis_hunyoung_joung - INFO - File count of relevant with election? 0
2020-10-02 05:09:47 - thesis_hunyoung_joung - INFO - Low-level model data file count? 1
2020-10-02 05:09:47 - thesis_hunyoung_joung - INFO - Low-level model data size? 0.6906171040609479 GB
2020-10-02 05:09:47 - thesis_hunyoung_joung - INFO - Low-level model data word count include space? 340394582
2020-10-02 05:09:47 - thesis_hunyoung_joung - INFO - Low-level model data word count exclude space? 274202048
2020-10-02 05:15:03 - thesis_hunyoung_joung - INFO - BEGIN ################################################################################
2020-10-02 05:15:03 - thesis_hunyoung_joung - INFO - Default path? C:\Users\root\Documents\0. The Cyber University of Korea\Graduated School\Semester 3\Thesis
2020-10-02 05:15:04 - thesis_hunyoung_joung - INFO - Low level model data path? C:/Users/root/Documents/0. The Cyber University of Korea/Graduated School/Semester 3/Thesis/data/low_model_data
2020-10-02 05:15:47 - thesis_hunyoung_joung - INFO - Low-level model data file count? 705
2020-10-02 05:15:47 - thesis_hunyoung_joung - INFO - Low-level model data size? 0.6906171040609479 GB
2020-10-02 05:15:47 - thesis_hunyoung_joung - INFO - Low-level model data word count include space? 340394582
2020-10-02 05:15:47 - thesis_hunyoung_joung - INFO - Low-level model data word count exclude space? 274202048
2020-10-02 05:22:48 - thesis_hunyoung_joung - INFO - BEGIN ################################################################################
2020-10-02 05:22:48 - thesis_hunyoung_joung - INFO - Default path? C:\Users\root\Documents\0. The Cyber University of Korea\Graduated School\Semester 3\Thesis
2020-10-02 05:22:48 - thesis_hunyoung_joung - INFO - Low level model data path? C:/Users/root/Documents/0. The Cyber University of Korea/Graduated School/Semester 3/Thesis/data/low_model_data
2020-10-02 05:23:27 - thesis_hunyoung_joung - INFO - Low-level model data file count? 705
2020-10-02 05:23:27 - thesis_hunyoung_joung - INFO - Low-level model data size? 0.6906171040609479 GB
2020-10-02 05:23:27 - thesis_hunyoung_joung - INFO - Low-level model data word count include space? 340394582
2020-10-02 05:23:27 - thesis_hunyoung_joung - INFO - Low-level model data word count exclude space? 274202048
2020-10-02 05:30:41 - thesis_hunyoung_joung - INFO - BEGIN ################################################################################
2020-10-02 05:30:41 - thesis_hunyoung_joung - INFO - Default path? C:\Users\root\Documents\0. The Cyber University of Korea\Graduated School\Semester 3\Thesis
2020-10-02 05:30:41 - thesis_hunyoung_joung - INFO - Low level model data path? C:/Users/root/Documents/0. The Cyber University of Korea/Graduated School/Semester 3/Thesis/data/low_model_data
2020-10-02 05:31:16 - thesis_hunyoung_joung - INFO - Low-level model data file count? 705
2020-10-02 05:31:16 - thesis_hunyoung_joung - INFO - Low-level model data size? 0.6906171040609479 GB
2020-10-02 05:31:16 - thesis_hunyoung_joung - INFO - Low-level model data word count include space? 340394582
2020-10-02 05:31:16 - thesis_hunyoung_joung - INFO - Low-level model data word count exclude space? 274202048
2020-10-02 05:33:18 - thesis_hunyoung_joung - INFO - BEGIN ################################################################################
2020-10-02 05:33:18 - thesis_hunyoung_joung - INFO - Default path? C:\Users\root\Documents\0. The Cyber University of Korea\Graduated School\Semester 3\Thesis
2020-10-02 05:33:18 - thesis_hunyoung_joung - INFO - Low level model data path? C:/Users/root/Documents/0. The Cyber University of Korea/Graduated School/Semester 3/Thesis/data/low_model_data
2020-10-02 05:33:52 - thesis_hunyoung_joung - INFO - Low-level model data file count? 705
2020-10-02 05:33:52 - thesis_hunyoung_joung - INFO - Low-level model data size? 707.1919145584106 MB
2020-10-02 05:33:52 - thesis_hunyoung_joung - INFO - Low-level model data word count include space? 340394582
2020-10-02 05:33:52 - thesis_hunyoung_joung - INFO - Low-level model data word count exclude space? 274202048
2020-10-02 14:14:42 - thesis_hunyoung_joung - INFO - BEGIN ################################################################################
2020-10-02 14:14:42 - thesis_hunyoung_joung - INFO - Default path? C:\Users\root\Documents\0. The Cyber University of Korea\Graduated School\Semester 3\Thesis
2020-10-02 14:14:42 - thesis_hunyoung_joung - INFO - Low level model data path? C:/Users/root/Documents/0. The Cyber University of Korea/Graduated School/Semester 3/Thesis/data/low_model_data
2020-10-02 14:15:24 - thesis_hunyoung_joung - INFO - Low-level model data file count? 705
2020-10-02 14:15:24 - thesis_hunyoung_joung - INFO - Low-level model data size? 707.1919145584106 MB
2020-10-02 14:15:24 - thesis_hunyoung_joung - INFO - Low-level model data word count include space? 340394582
2020-10-02 14:15:24 - thesis_hunyoung_joung - INFO - Low-level model data word count exclude space? 274202048
2020-10-02 17:56:57 - thesis_hunyoung_joung - INFO - BEGIN ################################################################################
2020-10-02 17:56:57 - thesis_hunyoung_joung - INFO - Default path? C:\Users\root\Documents\0. The Cyber University of Korea\Graduated School\Semester 3\Thesis
2020-10-02 17:56:57 - thesis_hunyoung_joung - INFO - Low level model data path? C:/Users/root/Documents/0. The Cyber University of Korea/Graduated School/Semester 3/Thesis/data/low_model_data
2020-10-02 17:57:37 - thesis_hunyoung_joung - INFO - Low-level model data file count? 705
2020-10-02 17:57:37 - thesis_hunyoung_joung - INFO - Low-level model data size? 707.1919145584106 MB
2020-10-02 17:57:37 - thesis_hunyoung_joung - INFO - Low-level model data word count include space? 340394582
2020-10-02 17:57:37 - thesis_hunyoung_joung - INFO - Low-level model data word count exclude space? 274202048
2020-10-02 18:50:48 - thesis_hunyoung_joung - INFO - BEGIN ################################################################################
2020-10-02 18:50:48 - thesis_hunyoung_joung - INFO - Default path? C:\Users\root\Documents\0. The Cyber University of Korea\Graduated School\Semester 3\Thesis
2020-10-02 18:50:48 - thesis_hunyoung_joung - INFO - Low level model data path? C:/Users/root/Documents/0. The Cyber University of Korea/Graduated School/Semester 3/Thesis/data/low_model_data
2020-10-02 18:51:30 - thesis_hunyoung_joung - INFO - Low-level model data file count? 705
2020-10-02 18:51:30 - thesis_hunyoung_joung - INFO - Low-level model data size? 707.1919145584106 MB
2020-10-02 18:51:30 - thesis_hunyoung_joung - INFO - Low-level model data word count include space? 340394582
2020-10-02 18:51:30 - thesis_hunyoung_joung - INFO - Low-level model data word count exclude space? 274202048
2020-10-02 19:20:48 - thesis_hunyoung_joung - INFO - File count of relevant with COVID-19? 0
2020-10-02 19:20:48 - thesis_hunyoung_joung - INFO - File count of relevant with election? 0
2020-10-02 19:34:17 - thesis_hunyoung_joung - INFO - BEGIN ################################################################################
2020-10-02 19:34:17 - thesis_hunyoung_joung - INFO - Default path? C:\Users\root\Documents\0. The Cyber University of Korea\Graduated School\Semester 3\Thesis
2020-10-02 19:34:17 - thesis_hunyoung_joung - INFO - Low level model data path? C:/Users/root/Documents/0. The Cyber University of Korea/Graduated School/Semester 3/Thesis/data/low_model_data
2020-10-02 19:34:55 - thesis_hunyoung_joung - INFO - Low-level model data file count? 705
2020-10-02 19:34:55 - thesis_hunyoung_joung - INFO - Low-level model data size? 707.1919145584106 MB
2020-10-02 19:34:55 - thesis_hunyoung_joung - INFO - Low-level model data word count include space? 340394582
2020-10-02 19:34:55 - thesis_hunyoung_joung - INFO - Low-level model data word count exclude space? 274202048
2020-10-02 20:04:07 - thesis_hunyoung_joung - INFO - File count of relevant with COVID-19? 0
2020-10-02 20:04:07 - thesis_hunyoung_joung - INFO - File count of relevant with election? 0
2020-10-04 20:40:45 - thesis_hunyoung_joung - INFO - BEGIN ################################################################################
2020-10-04 20:40:45 - thesis_hunyoung_joung - INFO - Default path? C:\Users\root\Documents\0. The Cyber University of Korea\Graduated School\Semester 3\Thesis
2020-10-04 20:40:46 - thesis_hunyoung_joung - INFO - Low level model data path? C:/Users/root/Documents/0. The Cyber University of Korea/Graduated School/Semester 3/Thesis/data/low_model_data
2020-10-04 20:41:25 - thesis_hunyoung_joung - INFO - Low-level model data file count? 705
2020-10-04 20:41:25 - thesis_hunyoung_joung - INFO - Low-level model data size? 707.1919145584106 MB
2020-10-04 20:41:25 - thesis_hunyoung_joung - INFO - Low-level model data word count include space? 340394582
2020-10-04 20:41:25 - thesis_hunyoung_joung - INFO - Low-level model data word count exclude space? 274202048
2020-10-04 21:09:48 - thesis_hunyoung_joung - INFO - File count of relevant with COVID-19? 0
2020-10-04 21:09:48 - thesis_hunyoung_joung - INFO - File count of relevant with election? 0
2020-10-05 03:54:17 - thesis_hunyoung_joung - INFO - Low-level model data file count? 1
2020-10-05 03:54:17 - thesis_hunyoung_joung - INFO - Low-level model data size? 707.1919145584106 MB
2020-10-05 03:54:17 - thesis_hunyoung_joung - INFO - Low-level model data word count include space? 340394582
2020-10-05 03:55:59 - thesis_hunyoung_joung - INFO - Low-level model data file count? 1
2020-10-05 03:55:59 - thesis_hunyoung_joung - INFO - Low-level model data size? 707.1919145584106 MB
2020-10-05 03:55:59 - thesis_hunyoung_joung - INFO - Low-level model data word count include space? 340394582
2020-10-05 03:55:59 - thesis_hunyoung_joung - INFO - Low-level model data word count exclude space? 274,202,048.00
